Twilio SDK not installed. SMS functionality disabled. Install with: pip install twilio
Twilio SDK not installed. SMS functionality disabled. Install with: pip install twilio
Twilio SDK not installed. SMS functionality disabled. Install with: pip install twilio
Twilio SDK not installed. SMS functionality disabled. Install with: pip install twilio
Twilio SDK not installed. SMS functionality disabled. Install with: pip install twilio
Twilio SDK not installed. SMS functionality disabled. Install with: pip install twilio
Twilio SDK not installed. SMS functionality disabled. Install with: pip install twilio
Twilio SDK not installed. SMS functionality disabled. Install with: pip install twilio
Twilio SDK not installed. SMS functionality disabled. Install with: pip install twilio
Twilio SDK not installed. SMS functionality disabled. Install with: pip install twilio
Twilio SDK not installed. SMS functionality disabled. Install with: pip install twilio
Twilio SDK not installed. SMS functionality disabled. Install with: pip install twilio
Twilio SDK not installed. SMS functionality disabled. Install with: pip install twilio
Twilio SDK not installed. SMS functionality disabled. Install with: pip install twilio
Twilio SDK not installed. SMS functionality disabled. Install with: pip install twilio
Twilio SDK not installed. SMS functionality disabled. Install with: pip install twilio
Twilio SDK not installed. SMS functionality disabled. Install with: pip install twilio
WARNING 2026-06-06 21:55:27,901 sms_utils Twilio SDK not installed. SMS functionality disabled. Install with: pip install twilio
WARNING 2026-06-07 10:46:35,806 sms_utils Twilio SDK not installed. SMS functionality disabled. Install with: pip install twilio
WARNING 2026-06-07 10:46:39,696 sms_utils Twilio SDK not installed. SMS functionality disabled. Install with: pip install twilio
WARNING 2026-06-07 10:46:43,398 sms_utils Twilio SDK not installed. SMS functionality disabled. Install with: pip install twilio
WARNING 2026-06-07 10:48:28,831 sms_utils Twilio SDK not installed. SMS functionality disabled. Install with: pip install twilio
WARNING 2026-06-07 10:49:45,695 sms_utils Twilio SDK not installed. SMS functionality disabled. Install with: pip install twilio
WARNING 2026-06-08 10:42:50,555 sms_utils Twilio SDK not installed. SMS functionality disabled. Install with: pip install twilio
WARNING 2026-06-08 10:56:20,371 sms_utils Twilio SDK not installed. SMS functionality disabled. Install with: pip install twilio
WARNING 2026-06-08 10:56:21,090 sms_utils Twilio SDK not installed. SMS functionality disabled. Install with: pip install twilio
WARNING 2026-06-10 23:44:17,962 sms_utils Twilio SDK not installed. SMS functionality disabled. Install with: pip install twilio
WARNING 2026-06-10 23:45:25,201 sms_utils Twilio SDK not installed. SMS functionality disabled. Install with: pip install twilio
WARNING 2026-06-10 23:45:46,977 sms_utils Twilio SDK not installed. SMS functionality disabled. Install with: pip install twilio
WARNING 2026-06-10 23:46:06,515 sms_utils Twilio SDK not installed. SMS functionality disabled. Install with: pip install twilio
WARNING 2026-06-10 23:47:43,321 sms_utils Twilio SDK not installed. SMS functionality disabled. Install with: pip install twilio
WARNING 2026-06-10 23:47:44,359 sms_utils Twilio SDK not installed. SMS functionality disabled. Install with: pip install twilio
WARNING 2026-06-10 23:48:10,009 sms_utils Twilio SDK not installed. SMS functionality disabled. Install with: pip install twilio
WARNING 2026-06-10 23:49:40,268 sms_utils Twilio SDK not installed. SMS functionality disabled. Install with: pip install twilio
WARNING 2026-06-10 23:58:46,310 sms_utils Twilio SDK not installed. SMS functionality disabled. Install with: pip install twilio
WARNING 2026-06-10 23:58:46,768 sms_utils Twilio SDK not installed. SMS functionality disabled. Install with: pip install twilio
WARNING 2026-06-11 00:11:53,500 sms_utils Twilio SDK not installed. SMS functionality disabled. Install with: pip install twilio
WARNING 2026-06-11 00:13:00,061 sms_utils Twilio SDK not installed. SMS functionality disabled. Install with: pip install twilio
WARNING 2026-06-11 00:13:44,109 sms_utils Twilio SDK not installed. SMS functionality disabled. Install with: pip install twilio
ERROR 2026-06-11 00:18:57,734 email_utils Failed to send welcome email to userpython93@gmail.com: Reverse for 'shop_catalog' not found. 'shop_catalog' is not a valid view function or pattern name.
WARNING 2026-06-11 00:31:09,048 sms_utils Twilio SDK not installed. SMS functionality disabled. Install with: pip install twilio
WARNING 2026-06-11 00:31:39,099 sms_utils Twilio SDK not installed. SMS functionality disabled. Install with: pip install twilio
WARNING 2026-06-11 00:31:58,367 sms_utils Twilio SDK not installed. SMS functionality disabled. Install with: pip install twilio
WARNING 2026-06-11 00:32:07,821 sms_utils Twilio SDK not installed. SMS functionality disabled. Install with: pip install twilio
WARNING 2026-06-11 00:32:23,569 sms_utils Twilio SDK not installed. SMS functionality disabled. Install with: pip install twilio
WARNING 2026-06-11 00:32:38,520 sms_utils Twilio SDK not installed. SMS functionality disabled. Install with: pip install twilio
WARNING 2026-06-11 00:47:33,241 sms_utils Twilio SDK not installed. SMS functionality disabled. Install with: pip install twilio
WARNING 2026-06-11 00:48:43,599 sms_utils Twilio SDK not installed. SMS functionality disabled. Install with: pip install twilio
WARNING 2026-06-11 00:48:57,881 sms_utils Twilio SDK not installed. SMS functionality disabled. Install with: pip install twilio
WARNING 2026-06-11 00:49:08,477 sms_utils Twilio SDK not installed. SMS functionality disabled. Install with: pip install twilio
WARNING 2026-06-11 00:49:17,922 sms_utils Twilio SDK not installed. SMS functionality disabled. Install with: pip install twilio
WARNING 2026-06-11 00:50:14,953 sms_utils Twilio SDK not installed. SMS functionality disabled. Install with: pip install twilio
ERROR 2026-06-11 00:50:16,179 email_utils Failed to send welcome email to flowtest@example.com: Reverse for 'shop_catalog' not found. 'shop_catalog' is not a valid view function or pattern name.
INFO 2026-06-11 00:50:17,063 email_utils Password reset email sent to flowtest@example.com
WARNING 2026-06-11 00:51:51,800 sms_utils Twilio SDK not installed. SMS functionality disabled. Install with: pip install twilio
INFO 2026-06-11 00:51:52,881 email_utils Welcome email sent to flowtest@example.com
WARNING 2026-06-11 00:52:24,694 sms_utils Twilio SDK not installed. SMS functionality disabled. Install with: pip install twilio
WARNING 2026-06-11 00:52:25,622 sms_utils Twilio SDK not installed. SMS functionality disabled. Install with: pip install twilio
WARNING 2026-06-11 01:18:07,141 sms_utils Twilio SDK not installed. SMS functionality disabled. Install with: pip install twilio
WARNING 2026-06-11 01:18:22,458 sms_utils Twilio SDK not installed. SMS functionality disabled. Install with: pip install twilio
WARNING 2026-06-11 01:19:44,871 sms_utils Twilio SDK not installed. SMS functionality disabled. Install with: pip install twilio
WARNING 2026-06-11 01:19:53,771 sms_utils Twilio SDK not installed. SMS functionality disabled. Install with: pip install twilio
WARNING 2026-06-11 01:20:11,210 sms_utils Twilio SDK not installed. SMS functionality disabled. Install with: pip install twilio
WARNING 2026-06-11 01:23:36,043 sms_utils Twilio SDK not installed. SMS functionality disabled. Install with: pip install twilio
WARNING 2026-06-11 01:23:45,141 sms_utils Twilio SDK not installed. SMS functionality disabled. Install with: pip install twilio
WARNING 2026-06-11 01:25:05,795 sms_utils Twilio SDK not installed. SMS functionality disabled. Install with: pip install twilio
WARNING 2026-06-11 01:26:53,208 sms_utils Twilio SDK not installed. SMS functionality disabled. Install with: pip install twilio
WARNING 2026-06-11 01:27:34,437 sms_utils Twilio SDK not installed. SMS functionality disabled. Install with: pip install twilio
WARNING 2026-06-11 01:29:05,731 sms_utils Twilio SDK not installed. SMS functionality disabled. Install with: pip install twilio
WARNING 2026-06-11 01:29:06,409 sms_utils Twilio SDK not installed. SMS functionality disabled. Install with: pip install twilio
WARNING 2026-06-11 01:29:13,442 sms_utils Twilio SDK not installed. SMS functionality disabled. Install with: pip install twilio
WARNING 2026-06-11 01:29:47,266 sms_utils Twilio SDK not installed. SMS functionality disabled. Install with: pip install twilio
WARNING 2026-06-11 01:31:01,693 sms_utils Twilio SDK not installed. SMS functionality disabled. Install with: pip install twilio
WARNING 2026-06-11 01:32:06,382 sms_utils Twilio SDK not installed. SMS functionality disabled. Install with: pip install twilio
WARNING 2026-06-11 01:33:19,264 sms_utils Twilio SDK not installed. SMS functionality disabled. Install with: pip install twilio
INFO 2026-06-11 01:33:19,408 email_utils Contact form email received from sam@x.com
WARNING 2026-06-11 01:39:54,060 sms_utils Twilio SDK not installed. SMS functionality disabled. Install with: pip install twilio
WARNING 2026-06-11 01:49:46,290 sms_utils Twilio SDK not installed. SMS functionality disabled. Install with: pip install twilio
WARNING 2026-06-11 01:50:00,438 sms_utils Twilio SDK not installed. SMS functionality disabled. Install with: pip install twilio
WARNING 2026-06-11 01:50:13,258 sms_utils Twilio SDK not installed. SMS functionality disabled. Install with: pip install twilio
WARNING 2026-06-11 01:50:24,028 sms_utils Twilio SDK not installed. SMS functionality disabled. Install with: pip install twilio
WARNING 2026-06-11 01:52:36,816 sms_utils Twilio SDK not installed. SMS functionality disabled. Install with: pip install twilio
WARNING 2026-06-11 01:53:17,190 sms_utils Twilio SDK not installed. SMS functionality disabled. Install with: pip install twilio
WARNING 2026-06-11 01:53:59,671 sms_utils Twilio SDK not installed. SMS functionality disabled. Install with: pip install twilio
WARNING 2026-06-11 01:54:08,793 sms_utils Twilio SDK not installed. SMS functionality disabled. Install with: pip install twilio
WARNING 2026-06-11 01:54:16,869 sms_utils Twilio SDK not installed. SMS functionality disabled. Install with: pip install twilio
WARNING 2026-06-11 01:55:24,233 sms_utils Twilio SDK not installed. SMS functionality disabled. Install with: pip install twilio
WARNING 2026-06-11 01:55:24,783 sms_utils Twilio SDK not installed. SMS functionality disabled. Install with: pip install twilio
WARNING 2026-06-11 01:55:45,720 sms_utils Twilio SDK not installed. SMS functionality disabled. Install with: pip install twilio
WARNING 2026-06-11 01:56:53,869 sms_utils Twilio SDK not installed. SMS functionality disabled. Install with: pip install twilio
WARNING 2026-06-11 01:57:06,080 sms_utils Twilio SDK not installed. SMS functionality disabled. Install with: pip install twilio
WARNING 2026-06-11 01:57:16,192 sms_utils Twilio SDK not installed. SMS functionality disabled. Install with: pip install twilio
WARNING 2026-06-11 01:57:27,364 sms_utils Twilio SDK not installed. SMS functionality disabled. Install with: pip install twilio
WARNING 2026-06-11 01:57:36,415 sms_utils Twilio SDK not installed. SMS functionality disabled. Install with: pip install twilio
WARNING 2026-06-11 01:57:57,990 sms_utils Twilio SDK not installed. SMS functionality disabled. Install with: pip install twilio
WARNING 2026-06-11 02:00:26,120 sms_utils Twilio SDK not installed. SMS functionality disabled. Install with: pip install twilio
WARNING 2026-06-11 02:00:36,286 sms_utils Twilio SDK not installed. SMS functionality disabled. Install with: pip install twilio
WARNING 2026-06-11 02:00:46,473 sms_utils Twilio SDK not installed. SMS functionality disabled. Install with: pip install twilio
WARNING 2026-06-11 02:01:06,411 sms_utils Twilio SDK not installed. SMS functionality disabled. Install with: pip install twilio
WARNING 2026-06-11 02:01:29,165 sms_utils Twilio SDK not installed. SMS functionality disabled. Install with: pip install twilio
WARNING 2026-06-11 02:04:32,904 sms_utils Twilio SDK not installed. SMS functionality disabled. Install with: pip install twilio
WARNING 2026-06-11 02:05:10,889 sms_utils Twilio SDK not installed. SMS functionality disabled. Install with: pip install twilio
WARNING 2026-06-11 02:05:59,577 sms_utils Twilio SDK not installed. SMS functionality disabled. Install with: pip install twilio
WARNING 2026-06-11 02:36:52,917 sms_utils Twilio SDK not installed. SMS functionality disabled. Install with: pip install twilio
WARNING 2026-06-11 11:56:14,295 sms_utils Twilio SDK not installed. SMS functionality disabled. Install with: pip install twilio
WARNING 2026-06-11 11:56:15,525 sms_utils Twilio SDK not installed. SMS functionality disabled. Install with: pip install twilio
WARNING 2026-06-11 12:00:11,743 sms_utils Twilio SDK not installed. SMS functionality disabled. Install with: pip install twilio
WARNING 2026-06-11 12:00:30,985 sms_utils Twilio SDK not installed. SMS functionality disabled. Install with: pip install twilio
WARNING 2026-06-11 12:01:43,354 sms_utils Twilio SDK not installed. SMS functionality disabled. Install with: pip install twilio
WARNING 2026-06-11 12:03:31,137 sms_utils Twilio SDK not installed. SMS functionality disabled. Install with: pip install twilio
WARNING 2026-06-11 12:03:46,594 sms_utils Twilio SDK not installed. SMS functionality disabled. Install with: pip install twilio
WARNING 2026-06-11 12:05:18,331 sms_utils Twilio SDK not installed. SMS functionality disabled. Install with: pip install twilio
WARNING 2026-06-11 12:05:55,579 sms_utils Twilio SDK not installed. SMS functionality disabled. Install with: pip install twilio
WARNING 2026-06-11 12:07:06,932 sms_utils Twilio SDK not installed. SMS functionality disabled. Install with: pip install twilio
WARNING 2026-06-11 12:08:03,185 sms_utils Twilio SDK not installed. SMS functionality disabled. Install with: pip install twilio
WARNING 2026-06-11 12:09:04,898 sms_utils Twilio SDK not installed. SMS functionality disabled. Install with: pip install twilio
WARNING 2026-06-11 12:09:36,183 sms_utils Twilio SDK not installed. SMS functionality disabled. Install with: pip install twilio
INFO 2026-06-11 12:09:37,352 email_utils Welcome email sent to lead@community.test
WARNING 2026-06-11 12:11:35,972 sms_utils Twilio SDK not installed. SMS functionality disabled. Install with: pip install twilio
WARNING 2026-06-11 12:11:36,404 sms_utils Twilio SDK not installed. SMS functionality disabled. Install with: pip install twilio
WARNING 2026-06-11 13:48:42,252 sms_utils Twilio SDK not installed. SMS functionality disabled. Install with: pip install twilio
WARNING 2026-06-11 14:00:22,303 sms_utils Twilio SDK not installed. SMS functionality disabled. Install with: pip install twilio
WARNING 2026-06-11 14:01:56,193 sms_utils Twilio SDK not installed. SMS functionality disabled. Install with: pip install twilio
WARNING 2026-06-11 14:01:57,002 sms_utils Twilio SDK not installed. SMS functionality disabled. Install with: pip install twilio
WARNING 2026-06-11 16:53:46,490 sms_utils Twilio SDK not installed. SMS functionality disabled. Install with: pip install twilio
WARNING 2026-06-11 16:53:47,129 sms_utils Twilio SDK not installed. SMS functionality disabled. Install with: pip install twilio
WARNING 2026-06-11 16:54:13,568 sms_utils Twilio SDK not installed. SMS functionality disabled. Install with: pip install twilio
WARNING 2026-06-12 20:16:29,816 sms_utils Twilio SDK not installed. SMS functionality disabled. Install with: pip install twilio
WARNING 2026-06-13 22:22:25,179 sms_utils Twilio SDK not installed. SMS functionality disabled. Install with: pip install twilio
WARNING 2026-06-13 22:43:04,249 sms_utils Twilio SDK not installed. SMS functionality disabled. Install with: pip install twilio
WARNING 2026-06-13 22:43:05,239 sms_utils Twilio SDK not installed. SMS functionality disabled. Install with: pip install twilio
WARNING 2026-06-13 22:58:24,920 sms_utils Twilio SDK not installed. SMS functionality disabled. Install with: pip install twilio
WARNING 2026-06-13 23:03:43,908 sms_utils Twilio SDK not installed. SMS functionality disabled. Install with: pip install twilio
WARNING 2026-06-13 23:04:23,606 sms_utils Twilio SDK not installed. SMS functionality disabled. Install with: pip install twilio
WARNING 2026-06-15 11:02:23,078 sms_utils Twilio SDK not installed. SMS functionality disabled. Install with: pip install twilio
WARNING 2026-06-15 11:06:02,721 sms_utils Twilio SDK not installed. SMS functionality disabled. Install with: pip install twilio
WARNING 2026-06-15 11:06:03,191 sms_utils Twilio SDK not installed. SMS functionality disabled. Install with: pip install twilio
WARNING 2026-06-15 11:11:42,047 sms_utils Twilio SDK not installed. SMS functionality disabled. Install with: pip install twilio
WARNING 2026-06-15 11:11:53,397 sms_utils Twilio SDK not installed. SMS functionality disabled. Install with: pip install twilio
WARNING 2026-06-15 11:11:54,000 sms_utils Twilio SDK not installed. SMS functionality disabled. Install with: pip install twilio
WARNING 2026-06-15 11:27:26,706 sms_utils Twilio SDK not installed. SMS functionality disabled. Install with: pip install twilio
WARNING 2026-06-15 11:32:54,474 sms_utils Twilio SDK not installed. SMS functionality disabled. Install with: pip install twilio
WARNING 2026-06-15 11:32:55,065 sms_utils Twilio SDK not installed. SMS functionality disabled. Install with: pip install twilio
WARNING 2026-06-15 12:05:03,178 sms_utils Twilio SDK not installed. SMS functionality disabled. Install with: pip install twilio
WARNING 2026-06-15 14:50:42,823 sms_utils Twilio SDK not installed. SMS functionality disabled. Install with: pip install twilio
WARNING 2026-06-15 14:52:32,538 sms_utils Twilio SDK not installed. SMS functionality disabled. Install with: pip install twilio
WARNING 2026-06-15 14:55:22,283 sms_utils Twilio SDK not installed. SMS functionality disabled. Install with: pip install twilio
WARNING 2026-06-15 14:55:58,509 sms_utils Twilio SDK not installed. SMS functionality disabled. Install with: pip install twilio
WARNING 2026-06-15 14:56:34,815 sms_utils Twilio SDK not installed. SMS functionality disabled. Install with: pip install twilio
WARNING 2026-06-15 14:56:50,543 sms_utils Twilio SDK not installed. SMS functionality disabled. Install with: pip install twilio
WARNING 2026-06-15 14:56:50,959 sms_utils Twilio SDK not installed. SMS functionality disabled. Install with: pip install twilio
WARNING 2026-06-15 15:02:15,619 sms_utils Twilio SDK not installed. SMS functionality disabled. Install with: pip install twilio
WARNING 2026-06-15 15:02:36,631 sms_utils Twilio SDK not installed. SMS functionality disabled. Install with: pip install twilio
WARNING 2026-06-15 16:01:56,081 sms_utils Twilio SDK not installed. SMS functionality disabled. Install with: pip install twilio
WARNING 2026-06-15 16:01:56,694 sms_utils Twilio SDK not installed. SMS functionality disabled. Install with: pip install twilio
WARNING 2026-06-15 16:03:03,161 sms_utils Twilio SDK not installed. SMS functionality disabled. Install with: pip install twilio
WARNING 2026-06-15 16:05:14,304 sms_utils Twilio SDK not installed. SMS functionality disabled. Install with: pip install twilio
WARNING 2026-06-15 16:05:25,493 sms_utils Twilio SDK not installed. SMS functionality disabled. Install with: pip install twilio
WARNING 2026-06-15 16:05:26,062 sms_utils Twilio SDK not installed. SMS functionality disabled. Install with: pip install twilio
WARNING 2026-06-15 16:10:39,483 sms_utils Twilio SDK not installed. SMS functionality disabled. Install with: pip install twilio
WARNING 2026-06-15 16:17:18,570 sms_utils Twilio SDK not installed. SMS functionality disabled. Install with: pip install twilio
WARNING 2026-06-15 16:28:42,645 sms_utils Twilio SDK not installed. SMS functionality disabled. Install with: pip install twilio
WARNING 2026-06-15 16:28:43,168 sms_utils Twilio SDK not installed. SMS functionality disabled. Install with: pip install twilio
WARNING 2026-06-15 16:28:44,423 sms_utils Twilio SDK not installed. SMS functionality disabled. Install with: pip install twilio
WARNING 2026-06-15 16:31:18,664 sms_utils Twilio SDK not installed. SMS functionality disabled. Install with: pip install twilio
WARNING 2026-06-15 16:31:33,329 sms_utils Twilio SDK not installed. SMS functionality disabled. Install with: pip install twilio
WARNING 2026-06-15 16:31:33,790 sms_utils Twilio SDK not installed. SMS functionality disabled. Install with: pip install twilio
WARNING 2026-06-15 16:35:35,762 sms_utils Twilio SDK not installed. SMS functionality disabled. Install with: pip install twilio
WARNING 2026-06-15 16:59:11,088 sms_utils Twilio SDK not installed. SMS functionality disabled. Install with: pip install twilio
WARNING 2026-06-15 16:59:11,803 sms_utils Twilio SDK not installed. SMS functionality disabled. Install with: pip install twilio
WARNING 2026-06-15 16:59:12,563 sms_utils Twilio SDK not installed. SMS functionality disabled. Install with: pip install twilio
WARNING 2026-06-15 17:00:31,005 sms_utils Twilio SDK not installed. SMS functionality disabled. Install with: pip install twilio
INFO 2026-06-15 17:00:31,635 utils Sending OTP email to flowtest@example.com via backend=django.core.mail.backends.locmem.EmailBackend host=smtp.gmail.com:587
INFO 2026-06-15 17:00:31,654 utils OTP email accepted by the mail server for flowtest@example.com
WARNING 2026-06-15 17:01:34,116 sms_utils Twilio SDK not installed. SMS functionality disabled. Install with: pip install twilio
WARNING 2026-06-15 17:01:34,553 sms_utils Twilio SDK not installed. SMS functionality disabled. Install with: pip install twilio
WARNING 2026-06-15 17:05:56,295 sms_utils Twilio SDK not installed. SMS functionality disabled. Install with: pip install twilio
WARNING 2026-06-15 17:05:56,901 sms_utils Twilio SDK not installed. SMS functionality disabled. Install with: pip install twilio
WARNING 2026-06-17 10:23:26,769 sms_utils Twilio SDK not installed. SMS functionality disabled. Install with: pip install twilio
WARNING 2026-06-17 10:24:12,341 sms_utils Twilio SDK not installed. SMS functionality disabled. Install with: pip install twilio
WARNING 2026-06-17 10:24:14,373 sms_utils Twilio SDK not installed. SMS functionality disabled. Install with: pip install twilio
WARNING 2026-06-17 10:25:01,752 sms_utils Twilio SDK not installed. SMS functionality disabled. Install with: pip install twilio
WARNING 2026-06-17 10:28:17,155 sms_utils Twilio SDK not installed. SMS functionality disabled. Install with: pip install twilio
WARNING 2026-06-17 10:28:48,103 sms_utils Twilio SDK not installed. SMS functionality disabled. Install with: pip install twilio
WARNING 2026-06-17 10:29:01,796 sms_utils Twilio SDK not installed. SMS functionality disabled. Install with: pip install twilio
WARNING 2026-06-17 10:29:02,566 sms_utils Twilio SDK not installed. SMS functionality disabled. Install with: pip install twilio
WARNING 2026-06-17 10:37:06,022 sms_utils Twilio SDK not installed. SMS functionality disabled. Install with: pip install twilio
WARNING 2026-06-17 11:50:19,734 sms_utils Twilio SDK not installed. SMS functionality disabled. Install with: pip install twilio
WARNING 2026-06-17 11:50:20,887 sms_utils Twilio SDK not installed. SMS functionality disabled. Install with: pip install twilio
WARNING 2026-06-17 11:50:51,464 sms_utils Twilio SDK not installed. SMS functionality disabled. Install with: pip install twilio
WARNING 2026-06-17 11:50:52,266 sms_utils Twilio SDK not installed. SMS functionality disabled. Install with: pip install twilio
WARNING 2026-06-18 16:00:32,371 sms_utils Twilio SDK not installed. SMS functionality disabled. Install with: pip install twilio
WARNING 2026-06-18 16:00:33,315 sms_utils Twilio SDK not installed. SMS functionality disabled. Install with: pip install twilio
WARNING 2026-06-18 16:00:34,347 sms_utils Twilio SDK not installed. SMS functionality disabled. Install with: pip install twilio
WARNING 2026-06-18 16:00:36,140 sms_utils Twilio SDK not installed. SMS functionality disabled. Install with: pip install twilio
WARNING 2026-06-18 16:01:26,446 sms_utils Twilio SDK not installed. SMS functionality disabled. Install with: pip install twilio
WARNING 2026-06-18 16:01:40,898 sms_utils Twilio SDK not installed. SMS functionality disabled. Install with: pip install twilio
WARNING 2026-06-18 16:01:41,556 sms_utils Twilio SDK not installed. SMS functionality disabled. Install with: pip install twilio
WARNING 2026-06-18 16:28:38,018 sms_utils Twilio SDK not installed. SMS functionality disabled. Install with: pip install twilio
WARNING 2026-06-18 16:56:11,755 sms_utils Twilio SDK not installed. SMS functionality disabled. Install with: pip install twilio
ERROR 2026-06-18 16:56:13,288 email_backends Email to ['t_fail@example.com'] FAILED after 2 attempt(s): RuntimeError: Brevo request failed: network blocked by free tier
WARNING 2026-06-18 16:56:39,151 sms_utils Twilio SDK not installed. SMS functionality disabled. Install with: pip install twilio
WARNING 2026-06-18 17:28:09,810 sms_utils Twilio SDK not installed. SMS functionality disabled. Install with: pip install twilio
WARNING 2026-06-18 19:38:15,279 sms_utils Twilio SDK not installed. SMS functionality disabled. Install with: pip install twilio
WARNING 2026-06-18 20:15:03,203 sms_utils Twilio SDK not installed. SMS functionality disabled. Install with: pip install twilio
WARNING 2026-06-18 20:15:05,266 sms_utils Twilio SDK not installed. SMS functionality disabled. Install with: pip install twilio
WARNING 2026-06-18 20:15:07,142 sms_utils Twilio SDK not installed. SMS functionality disabled. Install with: pip install twilio
INFO 2026-06-18 20:15:08,756 email_utils Contact form email received from t@example.com
WARNING 2026-06-18 20:16:12,733 sms_utils Twilio SDK not installed. SMS functionality disabled. Install with: pip install twilio
WARNING 2026-06-18 20:21:09,706 sms_utils Twilio SDK not installed. SMS functionality disabled. Install with: pip install twilio
WARNING 2026-06-18 20:26:33,714 sms_utils Twilio SDK not installed. SMS functionality disabled. Install with: pip install twilio
WARNING 2026-06-18 20:26:34,604 sms_utils Twilio SDK not installed. SMS functionality disabled. Install with: pip install twilio
WARNING 2026-06-19 06:04:25,509 sms_utils Twilio SDK not installed. SMS functionality disabled. Install with: pip install twilio
WARNING 2026-06-19 06:04:27,623 sms_utils Twilio SDK not installed. SMS functionality disabled. Install with: pip install twilio
WARNING 2026-06-19 06:06:52,913 sms_utils Twilio SDK not installed. SMS functionality disabled. Install with: pip install twilio
WARNING 2026-06-19 06:06:53,588 sms_utils Twilio SDK not installed. SMS functionality disabled. Install with: pip install twilio
WARNING 2026-06-19 06:11:15,962 sms_utils Twilio SDK not installed. SMS functionality disabled. Install with: pip install twilio
WARNING 2026-06-19 06:11:15,968 sms_utils Twilio SDK not installed. SMS functionality disabled. Install with: pip install twilio
WARNING 2026-06-19 06:11:15,976 sms_utils Twilio SDK not installed. SMS functionality disabled. Install with: pip install twilio
WARNING 2026-06-19 06:13:20,258 sms_utils Twilio SDK not installed. SMS functionality disabled. Install with: pip install twilio
WARNING 2026-06-19 06:13:20,757 sms_utils Twilio SDK not installed. SMS functionality disabled. Install with: pip install twilio
WARNING 2026-06-19 06:18:06,756 sms_utils Twilio SDK not installed. SMS functionality disabled. Install with: pip install twilio
WARNING 2026-06-19 06:18:07,392 sms_utils Twilio SDK not installed. SMS functionality disabled. Install with: pip install twilio
WARNING 2026-06-19 06:34:27,013 sms_utils Twilio SDK not installed. SMS functionality disabled. Install with: pip install twilio
WARNING 2026-06-19 06:34:27,023 sms_utils Twilio SDK not installed. SMS functionality disabled. Install with: pip install twilio
WARNING 2026-06-19 06:34:27,027 sms_utils Twilio SDK not installed. SMS functionality disabled. Install with: pip install twilio
WARNING 2026-06-19 06:34:28,096 sms_utils Twilio SDK not installed. SMS functionality disabled. Install with: pip install twilio
WARNING 2026-06-19 06:34:28,120 sms_utils Twilio SDK not installed. SMS functionality disabled. Install with: pip install twilio
WARNING 2026-06-19 06:34:28,493 sms_utils Twilio SDK not installed. SMS functionality disabled. Install with: pip install twilio
WARNING 2026-06-19 06:34:29,209 sms_utils Twilio SDK not installed. SMS functionality disabled. Install with: pip install twilio
WARNING 2026-06-19 06:34:29,373 sms_utils Twilio SDK not installed. SMS functionality disabled. Install with: pip install twilio
WARNING 2026-06-19 06:34:29,624 sms_utils Twilio SDK not installed. SMS functionality disabled. Install with: pip install twilio
WARNING 2026-06-19 06:34:30,195 sms_utils Twilio SDK not installed. SMS functionality disabled. Install with: pip install twilio
WARNING 2026-06-19 06:34:30,481 sms_utils Twilio SDK not installed. SMS functionality disabled. Install with: pip install twilio
WARNING 2026-06-19 06:34:30,694 sms_utils Twilio SDK not installed. SMS functionality disabled. Install with: pip install twilio
WARNING 2026-06-19 06:34:31,550 sms_utils Twilio SDK not installed. SMS functionality disabled. Install with: pip install twilio
WARNING 2026-06-19 06:34:49,612 sms_utils Twilio SDK not installed. SMS functionality disabled. Install with: pip install twilio
WARNING 2026-06-19 06:34:50,265 sms_utils Twilio SDK not installed. SMS functionality disabled. Install with: pip install twilio
WARNING 2026-06-19 06:44:13,865 sms_utils Twilio SDK not installed. SMS functionality disabled. Install with: pip install twilio
WARNING 2026-06-19 06:44:32,882 sms_utils Twilio SDK not installed. SMS functionality disabled. Install with: pip install twilio
WARNING 2026-06-19 06:44:32,952 sms_utils Twilio SDK not installed. SMS functionality disabled. Install with: pip install twilio
WARNING 2026-06-19 06:45:06,705 sms_utils Twilio SDK not installed. SMS functionality disabled. Install with: pip install twilio
WARNING 2026-06-19 06:45:28,458 sms_utils Twilio SDK not installed. SMS functionality disabled. Install with: pip install twilio
WARNING 2026-06-19 06:45:28,513 sms_utils Twilio SDK not installed. SMS functionality disabled. Install with: pip install twilio
WARNING 2026-06-19 06:45:28,627 sms_utils Twilio SDK not installed. SMS functionality disabled. Install with: pip install twilio
WARNING 2026-06-19 06:45:29,738 sms_utils Twilio SDK not installed. SMS functionality disabled. Install with: pip install twilio
WARNING 2026-06-19 06:47:31,222 sms_utils Twilio SDK not installed. SMS functionality disabled. Install with: pip install twilio
WARNING 2026-06-19 06:47:31,740 sms_utils Twilio SDK not installed. SMS functionality disabled. Install with: pip install twilio
WARNING 2026-06-19 07:14:35,857 sms_utils Twilio SDK not installed. SMS functionality disabled. Install with: pip install twilio
WARNING 2026-06-19 07:15:39,377 sms_utils Twilio SDK not installed. SMS functionality disabled. Install with: pip install twilio
WARNING 2026-06-19 07:15:39,380 sms_utils Twilio SDK not installed. SMS functionality disabled. Install with: pip install twilio
WARNING 2026-06-19 07:15:39,479 sms_utils Twilio SDK not installed. SMS functionality disabled. Install with: pip install twilio
WARNING 2026-06-19 07:15:40,305 sms_utils Twilio SDK not installed. SMS functionality disabled. Install with: pip install twilio
WARNING 2026-06-19 07:16:02,918 sms_utils Twilio SDK not installed. SMS functionality disabled. Install with: pip install twilio
WARNING 2026-06-19 07:16:15,497 sms_utils Twilio SDK not installed. SMS functionality disabled. Install with: pip install twilio
WARNING 2026-06-19 07:16:26,215 sms_utils Twilio SDK not installed. SMS functionality disabled. Install with: pip install twilio
WARNING 2026-06-19 13:22:42,787 sms_utils Twilio SDK not installed. SMS functionality disabled. Install with: pip install twilio
WARNING 2026-06-19 13:22:43,514 sms_utils Twilio SDK not installed. SMS functionality disabled. Install with: pip install twilio
